<?xml version="1.0" encoding="UTF-8"?>
<!-- Generated by org.testng.reporters.JUnitXMLReporter -->
<testsuite ignored="0" hostname="DESKTOP-PC9BQ7P" failures="0" tests="3" name="testNG" time="12.861" errors="0" timestamp="2021-04-03T13:46:29 ICT">
  <testcase classname="modules.TodosTest" name="createNew" time="3.847"/>
  <testcase classname="modules.TodosTest" name="markTodoComplete" time="1.567"/>
  <testcase classname="modules.TodosTest" name="removeTodo" time="1.862"/>
</testsuite> <!-- testNG -->
